{"C:\\Users\\user\\OneDrive\\Desktop\\Assesment\\backend-interview\\server.js": {"path":"C:\\Users\\user\\OneDrive\\Desktop\\Assesment\\backend-interview\\server.js","statementMap":{"0":{"start":{"line":1,"column":16},"end":{"line":1,"column":34}},"1":{"start":{"line":2,"column":17},"end":{"line":2,"column":36}},"2":{"start":{"line":3,"column":13},"end":{"line":3,"column":28}},"3":{"start":{"line":4,"column":12},"end":{"line":4,"column":38}},"4":{"start":{"line":5,"column":21},"end":{"line":5,"column":48}},"5":{"start":{"line":7,"column":0},"end":{"line":7,"column":34}},"6":{"start":{"line":8,"column":0},"end":{"line":10,"column":2}},"7":{"start":{"line":9,"column":4},"end":{"line":9,"column":70}},"8":{"start":{"line":12,"column":12},"end":{"line":12,"column":21}},"9":{"start":{"line":13,"column":13},"end":{"line":13,"column":37}},"10":{"start":{"line":15,"column":15},"end":{"line":15,"column":39}},"11":{"start":{"line":17,"column":0},"end":{"line":17,"column":23}},"12":{"start":{"line":18,"column":0},"end":{"line":18,"column":17}},"13":{"start":{"line":20,"column":0},"end":{"line":22,"column":2}},"14":{"start":{"line":21,"column":4},"end":{"line":21,"column":51}},"15":{"start":{"line":24,"column":0},"end":{"line":24,"column":24}}},"fnMap":{"0":{"name":"(anonymous_0)","decl":{"start":{"line":8,"column":54},"end":{"line":8,"column":55}},"loc":{"start":{"line":8,"column":71},"end":{"line":10,"column":1}},"line":8},"1":{"name":"(anonymous_1)","decl":{"start":{"line":20,"column":20},"end":{"line":20,"column":21}},"loc":{"start":{"line":20,"column":26},"end":{"line":22,"column":1}},"line":20}},"branchMap":{"0":{"loc":{"start":{"line":13,"column":13},"end":{"line":13,"column":37}},"type":"binary-expr","locations":[{"start":{"line":13,"column":13},"end":{"line":13,"column":29}},{"start":{"line":13,"column":33},"end":{"line":13,"column":37}}],"line":13}},"s":{"0":1,"1":1,"2":1,"3":1,"4":1,"5":1,"6":1,"7":0,"8":1,"9":1,"10":1,"11":1,"12":1,"13":1,"14":0,"15":1},"f":{"0":0,"1":0},"b":{"0":[1,1]},"_coverageSchema":"1a1c01bbd47fc00a2c39e90264f33305004495a9","hash":"31bed099468a7844bc9f606b5ee854ea15489be5"}
,"C:\\Users\\user\\OneDrive\\Desktop\\Assesment\\backend-interview\\controllers\\order_management.js": {"path":"C:\\Users\\user\\OneDrive\\Desktop\\Assesment\\backend-interview\\controllers\\order_management.js","statementMap":{"0":{"start":{"line":1,"column":14},"end":{"line":1,"column":39}},"1":{"start":{"line":2,"column":16},"end":{"line":2,"column":43}},"2":{"start":{"line":4,"column":18},"end":{"line":59,"column":1}},"3":{"start":{"line":5,"column":1},"end":{"line":58,"column":2}},"4":{"start":{"line":6,"column":16},"end":{"line":6,"column":24}},"5":{"start":{"line":7,"column":2},"end":{"line":7,"column":43}},"6":{"start":{"line":8,"column":2},"end":{"line":54,"column":3}},"7":{"start":{"line":9,"column":21},"end":{"line":9,"column":31}},"8":{"start":{"line":10,"column":28},"end":{"line":10,"column":93}},"9":{"start":{"line":11,"column":3},"end":{"line":11,"column":87}},"10":{"start":{"line":12,"column":18},"end":{"line":14,"column":4}},"11":{"start":{"line":15,"column":3},"end":{"line":50,"column":5}},"12":{"start":{"line":16,"column":4},"end":{"line":16,"column":42}},"13":{"start":{"line":17,"column":4},"end":{"line":46,"column":5}},"14":{"start":{"line":18,"column":5},"end":{"line":18,"column":56}},"15":{"start":{"line":19,"column":5},"end":{"line":19,"column":115}},"16":{"start":{"line":21,"column":22},"end":{"line":23,"column":6}},"17":{"start":{"line":24,"column":5},"end":{"line":45,"column":7}},"18":{"start":{"line":25,"column":6},"end":{"line":41,"column":7}},"19":{"start":{"line":26,"column":22},"end":{"line":30,"column":9}},"20":{"start":{"line":31,"column":7},"end":{"line":37,"column":9}},"21":{"start":{"line":32,"column":8},"end":{"line":32,"column":51}},"22":{"start":{"line":33,"column":8},"end":{"line":33,"column":87}},"23":{"start":{"line":35,"column":8},"end":{"line":35,"column":59}},"24":{"start":{"line":36,"column":7},"end":{"line":36,"column":90}},"25":{"start":{"line":39,"column":7},"end":{"line":39,"column":41}},"26":{"start":{"line":40,"column":7},"end":{"line":40,"column":88}},"27":{"start":{"line":43,"column":6},"end":{"line":43,"column":62}},"28":{"start":{"line":44,"column":6},"end":{"line":44,"column":94}},"29":{"start":{"line":48,"column":4},"end":{"line":48,"column":58}},"30":{"start":{"line":49,"column":4},"end":{"line":49,"column":90}},"31":{"start":{"line":52,"column":3},"end":{"line":52,"column":51}},"32":{"start":{"line":53,"column":3},"end":{"line":53,"column":89}},"33":{"start":{"line":56,"column":2},"end":{"line":56,"column":45}},"34":{"start":{"line":57,"column":2},"end":{"line":57,"column":77}},"35":{"start":{"line":61,"column":19},"end":{"line":87,"column":1}},"36":{"start":{"line":62,"column":3},"end":{"line":86,"column":4}},"37":{"start":{"line":63,"column":19},"end":{"line":63,"column":28}},"38":{"start":{"line":64,"column":4},"end":{"line":64,"column":49}},"39":{"start":{"line":65,"column":4},"end":{"line":80,"column":5}},"40":{"start":{"line":66,"column":25},"end":{"line":66,"column":61}},"41":{"start":{"line":68,"column":5},"end":{"line":68,"column":47}},"42":{"start":{"line":69,"column":5},"end":{"line":76,"column":6}},"43":{"start":{"line":70,"column":6},"end":{"line":70,"column":41}},"44":{"start":{"line":71,"column":6},"end":{"line":71,"column":79}},"45":{"start":{"line":74,"column":6},"end":{"line":74,"column":54}},"46":{"start":{"line":75,"column":6},"end":{"line":75,"column":107}},"47":{"start":{"line":78,"column":5},"end":{"line":78,"column":54}},"48":{"start":{"line":79,"column":5},"end":{"line":79,"column":92}},"49":{"start":{"line":82,"column":5},"end":{"line":82,"column":62}},"50":{"start":{"line":83,"column":5},"end":{"line":85,"column":8}},"51":{"start":{"line":89,"column":17},"end":{"line":105,"column":1}},"52":{"start":{"line":90,"column":1},"end":{"line":104,"column":2}},"53":{"start":{"line":91,"column":15},"end":{"line":91,"column":33}},"54":{"start":{"line":92,"column":2},"end":{"line":100,"column":3}},"55":{"start":{"line":93,"column":3},"end":{"line":96,"column":5}},"56":{"start":{"line":98,"column":3},"end":{"line":98,"column":60}},"57":{"start":{"line":99,"column":3},"end":{"line":99,"column":98}},"58":{"start":{"line":102,"column":2},"end":{"line":102,"column":51}},"59":{"start":{"line":103,"column":2},"end":{"line":103,"column":83}},"60":{"start":{"line":107,"column":20},"end":{"line":128,"column":1}},"61":{"start":{"line":108,"column":1},"end":{"line":127,"column":2}},"62":{"start":{"line":109,"column":17},"end":{"line":109,"column":26}},"63":{"start":{"line":110,"column":3},"end":{"line":110,"column":48}},"64":{"start":{"line":111,"column":3},"end":{"line":123,"column":4}},"65":{"start":{"line":112,"column":22},"end":{"line":112,"column":67}},"66":{"start":{"line":113,"column":4},"end":{"line":119,"column":5}},"67":{"start":{"line":114,"column":5},"end":{"line":114,"column":62}},"68":{"start":{"line":115,"column":5},"end":{"line":115,"column":100}},"69":{"start":{"line":117,"column":5},"end":{"line":117,"column":62}},"70":{"start":{"line":118,"column":5},"end":{"line":118,"column":105}},"71":{"start":{"line":121,"column":4},"end":{"line":121,"column":53}},"72":{"start":{"line":122,"column":4},"end":{"line":122,"column":91}},"73":{"start":{"line":125,"column":2},"end":{"line":125,"column":49}},"74":{"start":{"line":126,"column":2},"end":{"line":126,"column":79}},"75":{"start":{"line":130,"column":20},"end":{"line":162,"column":1}},"76":{"start":{"line":131,"column":1},"end":{"line":161,"column":2}},"77":{"start":{"line":132,"column":16},"end":{"line":132,"column":24}},"78":{"start":{"line":133,"column":2},"end":{"line":133,"column":43}},"79":{"start":{"line":134,"column":2},"end":{"line":157,"column":3}},"80":{"start":{"line":135,"column":20},"end":{"line":137,"column":4}},"81":{"start":{"line":138,"column":24},"end":{"line":138,"column":57}},"82":{"start":{"line":139,"column":4},"end":{"line":153,"column":5}},"83":{"start":{"line":140,"column":21},"end":{"line":144,"column":6}},"84":{"start":{"line":145,"column":25},"end":{"line":145,"column":81}},"85":{"start":{"line":146,"column":5},"end":{"line":152,"column":6}},"86":{"start":{"line":147,"column":6},"end":{"line":147,"column":64}},"87":{"start":{"line":148,"column":6},"end":{"line":148,"column":101}},"88":{"start":{"line":150,"column":6},"end":{"line":150,"column":65}},"89":{"start":{"line":151,"column":6},"end":{"line":151,"column":108}},"90":{"start":{"line":155,"column":3},"end":{"line":155,"column":51}},"91":{"start":{"line":156,"column":3},"end":{"line":156,"column":89}},"92":{"start":{"line":159,"column":2},"end":{"line":159,"column":49}},"93":{"start":{"line":160,"column":2},"end":{"line":160,"column":79}},"94":{"start":{"line":164,"column":0},"end":{"line":170,"column":1}}},"fnMap":{"0":{"name":"(anonymous_0)","decl":{"start":{"line":4,"column":18},"end":{"line":4,"column":19}},"loc":{"start":{"line":4,"column":32},"end":{"line":59,"column":1}},"line":4},"1":{"name":"(anonymous_1)","decl":{"start":{"line":15,"column":30},"end":{"line":15,"column":31}},"loc":{"start":{"line":15,"column":43},"end":{"line":47,"column":4}},"line":15},"2":{"name":"(anonymous_2)","decl":{"start":{"line":24,"column":39},"end":{"line":24,"column":40}},"loc":{"start":{"line":24,"column":57},"end":{"line":42,"column":6}},"line":24},"3":{"name":"(anonymous_3)","decl":{"start":{"line":31,"column":29},"end":{"line":31,"column":30}},"loc":{"start":{"line":31,"column":36},"end":{"line":34,"column":8}},"line":31},"4":{"name":"(anonymous_4)","decl":{"start":{"line":34,"column":17},"end":{"line":34,"column":18}},"loc":{"start":{"line":34,"column":24},"end":{"line":37,"column":8}},"line":34},"5":{"name":"(anonymous_5)","decl":{"start":{"line":42,"column":15},"end":{"line":42,"column":16}},"loc":{"start":{"line":42,"column":22},"end":{"line":45,"column":6}},"line":42},"6":{"name":"(anonymous_6)","decl":{"start":{"line":47,"column":13},"end":{"line":47,"column":14}},"loc":{"start":{"line":47,"column":20},"end":{"line":50,"column":4}},"line":47},"7":{"name":"(anonymous_7)","decl":{"start":{"line":61,"column":19},"end":{"line":61,"column":20}},"loc":{"start":{"line":61,"column":39},"end":{"line":87,"column":1}},"line":61},"8":{"name":"(anonymous_8)","decl":{"start":{"line":89,"column":17},"end":{"line":89,"column":18}},"loc":{"start":{"line":89,"column":37},"end":{"line":105,"column":1}},"line":89},"9":{"name":"(anonymous_9)","decl":{"start":{"line":107,"column":20},"end":{"line":107,"column":21}},"loc":{"start":{"line":107,"column":41},"end":{"line":128,"column":1}},"line":107},"10":{"name":"(anonymous_10)","decl":{"start":{"line":130,"column":20},"end":{"line":130,"column":21}},"loc":{"start":{"line":130,"column":41},"end":{"line":162,"column":1}},"line":130}},"branchMap":{"0":{"loc":{"start":{"line":8,"column":2},"end":{"line":54,"column":3}},"type":"if","locations":[{"start":{"line":8,"column":2},"end":{"line":54,"column":3}},{"start":{"line":51,"column":9},"end":{"line":54,"column":3}}],"line":8},"1":{"loc":{"start":{"line":8,"column":6},"end":{"line":8,"column":55}},"type":"binary-expr","locations":[{"start":{"line":8,"column":6},"end":{"line":8,"column":27}},{"start":{"line":8,"column":31},"end":{"line":8,"column":55}}],"line":8},"2":{"loc":{"start":{"line":17,"column":4},"end":{"line":46,"column":5}},"type":"if","locations":[{"start":{"line":17,"column":4},"end":{"line":46,"column":5}},{"start":{"line":20,"column":11},"end":{"line":46,"column":5}}],"line":17},"3":{"loc":{"start":{"line":17,"column":8},"end":{"line":17,"column":41}},"type":"binary-expr","locations":[{"start":{"line":17,"column":8},"end":{"line":17,"column":17}},{"start":{"line":17,"column":21},"end":{"line":17,"column":41}}],"line":17},"4":{"loc":{"start":{"line":25,"column":6},"end":{"line":41,"column":7}},"type":"if","locations":[{"start":{"line":25,"column":6},"end":{"line":41,"column":7}},{"start":{"line":38,"column":13},"end":{"line":41,"column":7}}],"line":25},"5":{"loc":{"start":{"line":65,"column":4},"end":{"line":80,"column":5}},"type":"if","locations":[{"start":{"line":65,"column":4},"end":{"line":80,"column":5}},{"start":{"line":77,"column":11},"end":{"line":80,"column":5}}],"line":65},"6":{"loc":{"start":{"line":69,"column":5},"end":{"line":76,"column":6}},"type":"if","locations":[{"start":{"line":69,"column":5},"end":{"line":76,"column":6}},{"start":{"line":73,"column":9},"end":{"line":76,"column":6}}],"line":69},"7":{"loc":{"start":{"line":92,"column":2},"end":{"line":100,"column":3}},"type":"if","locations":[{"start":{"line":92,"column":2},"end":{"line":100,"column":3}},{"start":{"line":97,"column":7},"end":{"line":100,"column":3}}],"line":92},"8":{"loc":{"start":{"line":111,"column":3},"end":{"line":123,"column":4}},"type":"if","locations":[{"start":{"line":111,"column":3},"end":{"line":123,"column":4}},{"start":{"line":120,"column":10},"end":{"line":123,"column":4}}],"line":111},"9":{"loc":{"start":{"line":113,"column":4},"end":{"line":119,"column":5}},"type":"if","locations":[{"start":{"line":113,"column":4},"end":{"line":119,"column":5}},{"start":{"line":116,"column":11},"end":{"line":119,"column":5}}],"line":113},"10":{"loc":{"start":{"line":134,"column":2},"end":{"line":157,"column":3}},"type":"if","locations":[{"start":{"line":134,"column":2},"end":{"line":157,"column":3}},{"start":{"line":154,"column":9},"end":{"line":157,"column":3}}],"line":134},"11":{"loc":{"start":{"line":134,"column":6},"end":{"line":134,"column":74}},"type":"binary-expr","locations":[{"start":{"line":134,"column":6},"end":{"line":134,"column":21}},{"start":{"line":134,"column":25},"end":{"line":134,"column":46}},{"start":{"line":134,"column":50},"end":{"line":134,"column":74}}],"line":134},"12":{"loc":{"start":{"line":139,"column":4},"end":{"line":153,"column":5}},"type":"if","locations":[{"start":{"line":139,"column":4},"end":{"line":153,"column":5}},{"start":{},"end":{}}],"line":139},"13":{"loc":{"start":{"line":146,"column":5},"end":{"line":152,"column":6}},"type":"if","locations":[{"start":{"line":146,"column":5},"end":{"line":152,"column":6}},{"start":{"line":149,"column":12},"end":{"line":152,"column":6}}],"line":146}},"s":{"0":1,"1":1,"2":1,"3":0,"4":0,"5":0,"6":0,"7":0,"8":0,"9":0,"10":0,"11":0,"12":0,"13":0,"14":0,"15":0,"16":0,"17":0,"18":0,"19":0,"20":0,"21":0,"22":0,"23":0,"24":0,"25":0,"26":0,"27":0,"28":0,"29":0,"30":0,"31":0,"32":0,"33":0,"34":0,"35":1,"36":0,"37":0,"38":0,"39":0,"40":0,"41":0,"42":0,"43":0,"44":0,"45":0,"46":0,"47":0,"48":0,"49":0,"50":0,"51":1,"52":0,"53":0,"54":0,"55":0,"56":0,"57":0,"58":0,"59":0,"60":1,"61":0,"62":0,"63":0,"64":0,"65":0,"66":0,"67":0,"68":0,"69":0,"70":0,"71":0,"72":0,"73":0,"74":0,"75":1,"76":0,"77":0,"78":0,"79":0,"80":0,"81":0,"82":0,"83":0,"84":0,"85":0,"86":0,"87":0,"88":0,"89":0,"90":0,"91":0,"92":0,"93":0,"94":1},"f":{"0":0,"1":0,"2":0,"3":0,"4":0,"5":0,"6":0,"7":0,"8":0,"9":0,"10":0},"b":{"0":[0,0],"1":[0,0],"2":[0,0],"3":[0,0],"4":[0,0],"5":[0,0],"6":[0,0],"7":[0,0],"8":[0,0],"9":[0,0],"10":[0,0],"11":[0,0,0],"12":[0,0],"13":[0,0]},"_coverageSchema":"1a1c01bbd47fc00a2c39e90264f33305004495a9","hash":"b16774ca1ce9856157c7b4953a3a53bf20d675a9"}
,"C:\\Users\\user\\OneDrive\\Desktop\\Assesment\\backend-interview\\controllers\\service_management.js": {"path":"C:\\Users\\user\\OneDrive\\Desktop\\Assesment\\backend-interview\\controllers\\service_management.js","statementMap":{"0":{"start":{"line":1,"column":16},"end":{"line":1,"column":43}},"1":{"start":{"line":3,"column":19},"end":{"line":35,"column":1}},"2":{"start":{"line":5,"column":1},"end":{"line":34,"column":2}},"3":{"start":{"line":6,"column":16},"end":{"line":6,"column":24}},"4":{"start":{"line":7,"column":2},"end":{"line":7,"column":43}},"5":{"start":{"line":8,"column":2},"end":{"line":30,"column":3}},"6":{"start":{"line":9,"column":18},"end":{"line":11,"column":4}},"7":{"start":{"line":12,"column":19},"end":{"line":15,"column":4}},"8":{"start":{"line":16,"column":17},"end":{"line":19,"column":4}},"9":{"start":{"line":20,"column":3},"end":{"line":26,"column":5}},"10":{"start":{"line":21,"column":4},"end":{"line":21,"column":65}},"11":{"start":{"line":22,"column":4},"end":{"line":22,"column":86}},"12":{"start":{"line":24,"column":4},"end":{"line":24,"column":54}},"13":{"start":{"line":25,"column":4},"end":{"line":25,"column":89}},"14":{"start":{"line":28,"column":3},"end":{"line":28,"column":72}},"15":{"start":{"line":29,"column":3},"end":{"line":29,"column":86}},"16":{"start":{"line":32,"column":2},"end":{"line":32,"column":47}},"17":{"start":{"line":33,"column":2},"end":{"line":33,"column":79}},"18":{"start":{"line":37,"column":0},"end":{"line":39,"column":1}}},"fnMap":{"0":{"name":"(anonymous_0)","decl":{"start":{"line":3,"column":19},"end":{"line":3,"column":20}},"loc":{"start":{"line":3,"column":33},"end":{"line":35,"column":1}},"line":3},"1":{"name":"(anonymous_1)","decl":{"start":{"line":20,"column":65},"end":{"line":20,"column":66}},"loc":{"start":{"line":20,"column":72},"end":{"line":23,"column":4}},"line":20},"2":{"name":"(anonymous_2)","decl":{"start":{"line":23,"column":13},"end":{"line":23,"column":14}},"loc":{"start":{"line":23,"column":20},"end":{"line":26,"column":4}},"line":23}},"branchMap":{"0":{"loc":{"start":{"line":8,"column":2},"end":{"line":30,"column":3}},"type":"if","locations":[{"start":{"line":8,"column":2},"end":{"line":30,"column":3}},{"start":{"line":27,"column":9},"end":{"line":30,"column":3}}],"line":8},"1":{"loc":{"start":{"line":8,"column":7},"end":{"line":8,"column":52}},"type":"binary-expr","locations":[{"start":{"line":8,"column":7},"end":{"line":8,"column":31}},{"start":{"line":8,"column":35},"end":{"line":8,"column":52}}],"line":8}},"s":{"0":1,"1":1,"2":0,"3":0,"4":0,"5":0,"6":0,"7":0,"8":0,"9":0,"10":0,"11":0,"12":0,"13":0,"14":0,"15":0,"16":0,"17":0,"18":1},"f":{"0":0,"1":0,"2":0},"b":{"0":[0,0],"1":[0,0]},"_coverageSchema":"1a1c01bbd47fc00a2c39e90264f33305004495a9","hash":"58dcd73166b874204e2d335a52e7039354f56fef"}
,"C:\\Users\\user\\OneDrive\\Desktop\\Assesment\\backend-interview\\model\\order.js": {"path":"C:\\Users\\user\\OneDrive\\Desktop\\Assesment\\backend-interview\\model\\order.js","statementMap":{"0":{"start":{"line":1,"column":17},"end":{"line":1,"column":36}},"1":{"start":{"line":2,"column":20},"end":{"line":20,"column":2}},"2":{"start":{"line":22,"column":14},"end":{"line":22,"column":50}},"3":{"start":{"line":23,"column":0},"end":{"line":23,"column":23}}},"fnMap":{},"branchMap":{},"s":{"0":1,"1":1,"2":1,"3":1},"f":{},"b":{},"_coverageSchema":"1a1c01bbd47fc00a2c39e90264f33305004495a9","hash":"eee9556c6fcc389f108cf86a3b1546e452f69cff"}
,"C:\\Users\\user\\OneDrive\\Desktop\\Assesment\\backend-interview\\model\\service.js": {"path":"C:\\Users\\user\\OneDrive\\Desktop\\Assesment\\backend-interview\\model\\service.js","statementMap":{"0":{"start":{"line":1,"column":17},"end":{"line":1,"column":36}},"1":{"start":{"line":2,"column":22},"end":{"line":13,"column":1}},"2":{"start":{"line":15,"column":16},"end":{"line":15,"column":55}},"3":{"start":{"line":16,"column":0},"end":{"line":16,"column":25}}},"fnMap":{},"branchMap":{},"s":{"0":1,"1":1,"2":1,"3":1},"f":{},"b":{},"_coverageSchema":"1a1c01bbd47fc00a2c39e90264f33305004495a9","hash":"fd58e9c7dc550a25781978b5bda7a908eb90939c"}
,"C:\\Users\\user\\OneDrive\\Desktop\\Assesment\\backend-interview\\routes\\routes.js": {"path":"C:\\Users\\user\\OneDrive\\Desktop\\Assesment\\backend-interview\\routes\\routes.js","statementMap":{"0":{"start":{"line":1,"column":16},"end":{"line":1,"column":34}},"1":{"start":{"line":2,"column":15},"end":{"line":2,"column":31}},"2":{"start":{"line":4,"column":23},"end":{"line":4,"column":67}},"3":{"start":{"line":5,"column":70},"end":{"line":5,"column":112}},"4":{"start":{"line":7,"column":0},"end":{"line":7,"column":45}},"5":{"start":{"line":8,"column":0},"end":{"line":8,"column":42}},"6":{"start":{"line":9,"column":0},"end":{"line":9,"column":42}},"7":{"start":{"line":10,"column":0},"end":{"line":10,"column":48}},"8":{"start":{"line":11,"column":0},"end":{"line":11,"column":46}},"9":{"start":{"line":12,"column":0},"end":{"line":12,"column":43}},"10":{"start":{"line":15,"column":0},"end":{"line":15,"column":24}}},"fnMap":{},"branchMap":{},"s":{"0":1,"1":1,"2":1,"3":1,"4":1,"5":1,"6":1,"7":1,"8":1,"9":1,"10":1},"f":{},"b":{},"_coverageSchema":"1a1c01bbd47fc00a2c39e90264f33305004495a9","hash":"3cc76f211c55d2c8a8a836651a8285e9e09880f8"}
,"C:\\Users\\user\\OneDrive\\Desktop\\Assesment\\backend-interview\\util\\constants.js": {"path":"C:\\Users\\user\\OneDrive\\Desktop\\Assesment\\backend-interview\\util\\constants.js","statementMap":{"0":{"start":{"line":1,"column":15},"end":{"line":1,"column":59}},"1":{"start":{"line":3,"column":0},"end":{"line":5,"column":1}}},"fnMap":{},"branchMap":{},"s":{"0":1,"1":1},"f":{},"b":{},"_coverageSchema":"1a1c01bbd47fc00a2c39e90264f33305004495a9","hash":"c5ad1aafcd8a8a68a5693fbf427645f22998f46f"}
}
