{"/Users/temp/Downloads/backend-interview/src/app.module.ts": {"path":"/Users/temp/Downloads/backend-interview/src/app.module.ts","statementMap":{"0":{"start":{"line":1,"column":0},"end":{"line":1,"column":40}},"1":{"start":{"line":2,"column":0},"end":{"line":2,"column":59}},"2":{"start":{"line":3,"column":0},"end":{"line":3,"column":68}},"3":{"start":{"line":4,"column":0},"end":{"line":4,"column":76}},"4":{"start":{"line":9,"column":7},"end":{"line":9,"column":null}},"5":{"start":{"line":9,"column":13},"end":{"line":9,"column":22}},"6":{"start":{"line":9,"column":13},"end":{"line":9,"column":null}}},"fnMap":{},"branchMap":{},"s":{"0":0,"1":0,"2":0,"3":0,"4":0,"5":0,"6":0},"f":{},"b":{}}
,"/Users/temp/Downloads/backend-interview/src/main.ts": {"path":"/Users/temp/Downloads/backend-interview/src/main.ts","statementMap":{"0":{"start":{"line":1,"column":0},"end":{"line":1,"column":43}},"1":{"start":{"line":2,"column":0},"end":{"line":2,"column":41}},"2":{"start":{"line":3,"column":0},"end":{"line":3,"column":70}},"3":{"start":{"line":4,"column":0},"end":{"line":4,"column":48}},"4":{"start":{"line":7,"column":14},"end":{"line":7,"column":49}},"5":{"start":{"line":8,"column":24},"end":{"line":8,"column":67}},"6":{"start":{"line":10,"column":2},"end":{"line":14,"column":4}},"7":{"start":{"line":16,"column":19},"end":{"line":16,"column":32}},"8":{"start":{"line":17,"column":2},"end":{"line":20,"column":5}},"9":{"start":{"line":19,"column":4},"end":{"line":19,"column":46}},"10":{"start":{"line":22,"column":0},"end":{"line":22,"column":12}}},"fnMap":{"0":{"name":"bootstrap","decl":{"start":{"line":6,"column":15},"end":{"line":6,"column":24}},"loc":{"start":{"line":6,"column":24},"end":{"line":21,"column":1}}},"1":{"name":"(anonymous_1)","decl":{"start":{"line":17,"column":25},"end":{"line":17,"column":30}},"loc":{"start":{"line":17,"column":36},"end":{"line":20,"column":3}}}},"branchMap":{},"s":{"0":0,"1":0,"2":0,"3":0,"4":0,"5":0,"6":0,"7":0,"8":0,"9":0,"10":0},"f":{"0":0,"1":0},"b":{}}
,"/Users/temp/Downloads/backend-interview/src/modules/order/order.module.ts": {"path":"/Users/temp/Downloads/backend-interview/src/modules/order/order.module.ts","statementMap":{"0":{"start":{"line":1,"column":0},"end":{"line":1,"column":40}},"1":{"start":{"line":2,"column":0},"end":{"line":2,"column":65}},"2":{"start":{"line":3,"column":0},"end":{"line":3,"column":65}},"3":{"start":{"line":4,"column":0},"end":{"line":4,"column":80}},"4":{"start":{"line":5,"column":0},"end":{"line":5,"column":69}},"5":{"start":{"line":12,"column":7},"end":{"line":12,"column":null}},"6":{"start":{"line":12,"column":13},"end":{"line":12,"column":24}},"7":{"start":{"line":12,"column":13},"end":{"line":12,"column":null}}},"fnMap":{},"branchMap":{},"s":{"0":0,"1":0,"2":0,"3":0,"4":0,"5":0,"6":0,"7":0},"f":{},"b":{}}
,"/Users/temp/Downloads/backend-interview/src/modules/order/controllers/order.controller.ts": {"path":"/Users/temp/Downloads/backend-interview/src/modules/order/controllers/order.controller.ts","statementMap":{"0":{"start":{"line":1,"column":0},"end":{"line":1,"column":null}},"1":{"start":{"line":10,"column":0},"end":{"line":10,"column":66}},"2":{"start":{"line":11,"column":0},"end":{"line":11,"column":65}},"3":{"start":{"line":12,"column":0},"end":{"line":12,"column":null}},"4":{"start":{"line":16,"column":0},"end":{"line":16,"column":63}},"5":{"start":{"line":17,"column":0},"end":{"line":17,"column":57}},"6":{"start":{"line":20,"column":7},"end":{"line":53,"column":null}},"7":{"start":{"line":21,"column":31},"end":{"line":21,"column":49}},"8":{"start":{"line":25,"column":4},"end":{"line":25,"column":51}},"9":{"start":{"line":30,"column":4},"end":{"line":30,"column":48}},"10":{"start":{"line":35,"column":4},"end":{"line":35,"column":55}},"11":{"start":{"line":43,"column":4},"end":{"line":46,"column":7}},"12":{"start":{"line":51,"column":4},"end":{"line":51,"column":58}},"13":{"start":{"line":20,"column":13},"end":{"line":20,"column":28}},"14":{"start":{"line":24,"column":2},"end":{"line":26,"column":null}},"15":{"start":{"line":29,"column":2},"end":{"line":31,"column":null}},"16":{"start":{"line":34,"column":2},"end":{"line":36,"column":null}},"17":{"start":{"line":39,"column":2},"end":{"line":47,"column":null}},"18":{"start":{"line":50,"column":2},"end":{"line":52,"column":null}},"19":{"start":{"line":20,"column":13},"end":{"line":53,"column":null}}},"fnMap":{"0":{"name":"(anonymous_4)","decl":{"start":{"line":21,"column":2},"end":{"line":21,"column":31}},"loc":{"start":{"line":21,"column":65},"end":{"line":21,"column":69}}},"1":{"name":"(anonymous_5)","decl":{"start":{"line":24,"column":2},"end":{"line":24,"column":16}},"loc":{"start":{"line":24,"column":48},"end":{"line":26,"column":3}}},"2":{"name":"(anonymous_6)","decl":{"start":{"line":29,"column":2},"end":{"line":29,"column":14}},"loc":{"start":{"line":29,"column":14},"end":{"line":31,"column":3}}},"3":{"name":"(anonymous_7)","decl":{"start":{"line":34,"column":2},"end":{"line":34,"column":10}},"loc":{"start":{"line":34,"column":49},"end":{"line":36,"column":3}}},"4":{"name":"(anonymous_8)","decl":{"start":{"line":39,"column":2},"end":{"line":39,"column":13}},"loc":{"start":{"line":41,"column":36},"end":{"line":47,"column":3}}},"5":{"name":"(anonymous_9)","decl":{"start":{"line":50,"column":2},"end":{"line":50,"column":13}},"loc":{"start":{"line":50,"column":55},"end":{"line":52,"column":3}}}},"branchMap":{},"s":{"0":1,"1":1,"2":1,"3":1,"4":1,"5":1,"6":1,"7":6,"8":1,"9":1,"10":1,"11":1,"12":1,"13":1,"14":1,"15":1,"16":1,"17":1,"18":1,"19":1},"f":{"0":6,"1":1,"2":1,"3":1,"4":1,"5":1},"b":{}}
,"/Users/temp/Downloads/backend-interview/src/modules/order/dtos/create-new-order.dto.ts": {"path":"/Users/temp/Downloads/backend-interview/src/modules/order/dtos/create-new-order.dto.ts","statementMap":{"0":{"start":{"line":1,"column":0},"end":{"line":1,"column":78}},"1":{"start":{"line":2,"column":0},"end":{"line":2,"column":83}},"2":{"start":{"line":4,"column":0},"end":{"line":4,"column":13}},"3":{"start":{"line":9,"column":2},"end":{"line":9,"column":null}},"4":{"start":{"line":12,"column":0},"end":{"line":12,"column":13}},"5":{"start":{"line":15,"column":2},"end":{"line":15,"column":null}}},"fnMap":{},"branchMap":{},"s":{"0":1,"1":1,"2":1,"3":1,"4":1,"5":1},"f":{},"b":{}}
,"/Users/temp/Downloads/backend-interview/src/modules/order/dtos/delete-order.dto.ts": {"path":"/Users/temp/Downloads/backend-interview/src/modules/order/dtos/delete-order.dto.ts","statementMap":{"0":{"start":{"line":1,"column":0},"end":{"line":1,"column":57}},"1":{"start":{"line":3,"column":0},"end":{"line":3,"column":13}}},"fnMap":{},"branchMap":{},"s":{"0":1,"1":1},"f":{},"b":{}}
,"/Users/temp/Downloads/backend-interview/src/modules/order/dtos/get-order.dto.ts": {"path":"/Users/temp/Downloads/backend-interview/src/modules/order/dtos/get-order.dto.ts","statementMap":{"0":{"start":{"line":1,"column":0},"end":{"line":1,"column":57}},"1":{"start":{"line":3,"column":0},"end":{"line":3,"column":13}}},"fnMap":{},"branchMap":{},"s":{"0":1,"1":1},"f":{},"b":{}}
,"/Users/temp/Downloads/backend-interview/src/modules/order/dtos/update-order.dto.ts": {"path":"/Users/temp/Downloads/backend-interview/src/modules/order/dtos/update-order.dto.ts","statementMap":{"0":{"start":{"line":1,"column":0},"end":{"line":1,"column":null}},"1":{"start":{"line":7,"column":0},"end":{"line":7,"column":54}},"2":{"start":{"line":9,"column":0},"end":{"line":9,"column":13}},"3":{"start":{"line":12,"column":2},"end":{"line":12,"column":null}},"4":{"start":{"line":15,"column":0},"end":{"line":15,"column":13}},"5":{"start":{"line":19,"column":2},"end":{"line":19,"column":null}}},"fnMap":{},"branchMap":{},"s":{"0":1,"1":1,"2":1,"3":1,"4":1,"5":1},"f":{},"b":{}}
,"/Users/temp/Downloads/backend-interview/src/modules/order/services/order-data.service.ts": {"path":"/Users/temp/Downloads/backend-interview/src/modules/order/services/order-data.service.ts","statementMap":{"0":{"start":{"line":1,"column":0},"end":{"line":1,"column":null}},"1":{"start":{"line":7,"column":0},"end":{"line":7,"column":85}},"2":{"start":{"line":12,"column":0},"end":{"line":12,"column":null}},"3":{"start":{"line":17,"column":0},"end":{"line":17,"column":92}},"4":{"start":{"line":32,"column":7},"end":{"line":312,"column":null}},"5":{"start":{"line":34,"column":21},"end":{"line":34,"column":38}},"6":{"start":{"line":35,"column":21},"end":{"line":35,"column":44}},"7":{"start":{"line":41,"column":44},"end":{"line":50,"column":null}},"8":{"start":{"line":53,"column":4},"end":{"line":57,"column":null}},"9":{"start":{"line":54,"column":6},"end":{"line":56,"column":8}},"10":{"start":{"line":60,"column":6},"end":{"line":60,"column":74}},"11":{"start":{"line":62,"column":27},"end":{"line":68,"column":null}},"12":{"start":{"line":71,"column":4},"end":{"line":76,"column":6}},"13":{"start":{"line":72,"column":40},"end":{"line":75,"column":8}},"14":{"start":{"line":78,"column":4},"end":{"line":94,"column":6}},"15":{"start":{"line":84,"column":28},"end":{"line":84,"column":45}},"16":{"start":{"line":88,"column":52},"end":{"line":92,"column":10}},"17":{"start":{"line":98,"column":4},"end":{"line":100,"column":null}},"18":{"start":{"line":99,"column":6},"end":{"line":99,"column":13}},"19":{"start":{"line":101,"column":41},"end":{"line":115,"column":null}},"20":{"start":{"line":106,"column":8},"end":{"line":108,"column":10}},"21":{"start":{"line":109,"column":8},"end":{"line":109,"column":49}},"22":{"start":{"line":110,"column":8},"end":{"line":110,"column":19}},"23":{"start":{"line":117,"column":4},"end":{"line":125,"column":6}},"24":{"start":{"line":129,"column":4},"end":{"line":136,"column":6}},"25":{"start":{"line":140,"column":4},"end":{"line":146,"column":6}},"26":{"start":{"line":150,"column":4},"end":{"line":150,"column":28}},"27":{"start":{"line":154,"column":22},"end":{"line":154,"column":24}},"28":{"start":{"line":155,"column":24},"end":{"line":155,"column":26}},"29":{"start":{"line":156,"column":4},"end":{"line":159,"column":null}},"30":{"start":{"line":157,"column":6},"end":{"line":157,"column":48}},"31":{"start":{"line":158,"column":6},"end":{"line":158,"column":33}},"32":{"start":{"line":161,"column":19},"end":{"line":192,"column":null}},"33":{"start":{"line":195,"column":4},"end":{"line":206,"column":6}},"34":{"start":{"line":196,"column":37},"end":{"line":205,"column":8}},"35":{"start":{"line":198,"column":51},"end":{"line":202,"column":10}},"36":{"start":{"line":212,"column":8},"end":{"line":212,"column":39}},"37":{"start":{"line":213,"column":4},"end":{"line":215,"column":null}},"38":{"start":{"line":214,"column":6},"end":{"line":214,"column":58}},"39":{"start":{"line":216,"column":4},"end":{"line":218,"column":6}},"40":{"start":{"line":222,"column":20},"end":{"line":227,"column":null}},"41":{"start":{"line":229,"column":4},"end":{"line":229,"column":17}},"42":{"start":{"line":236,"column":4},"end":{"line":238,"column":null}},"43":{"start":{"line":237,"column":6},"end":{"line":237,"column":59}},"44":{"start":{"line":240,"column":16},"end":{"line":240,"column":52}},"45":{"start":{"line":241,"column":4},"end":{"line":243,"column":null}},"46":{"start":{"line":242,"column":6},"end":{"line":242,"column":58}},"47":{"start":{"line":245,"column":37},"end":{"line":245,"column":39}},"48":{"start":{"line":246,"column":4},"end":{"line":259,"column":null}},"49":{"start":{"line":247,"column":6},"end":{"line":249,"column":8}},"50":{"start":{"line":250,"column":6},"end":{"line":250,"column":60}},"51":{"start":{"line":251,"column":6},"end":{"line":256,"column":8}},"52":{"start":{"line":252,"column":45},"end":{"line":255,"column":10}},"53":{"start":{"line":258,"column":6},"end":{"line":258,"column":66}},"54":{"start":{"line":261,"column":4},"end":{"line":272,"column":null}},"55":{"start":{"line":262,"column":6},"end":{"line":271,"column":8}},"56":{"start":{"line":274,"column":4},"end":{"line":290,"column":6}},"57":{"start":{"line":280,"column":28},"end":{"line":280,"column":45}},"58":{"start":{"line":284,"column":52},"end":{"line":288,"column":10}},"59":{"start":{"line":296,"column":22},"end":{"line":301,"column":null}},"60":{"start":{"line":304,"column":4},"end":{"line":306,"column":null}},"61":{"start":{"line":305,"column":6},"end":{"line":305,"column":60}},"62":{"start":{"line":308,"column":4},"end":{"line":310,"column":6}},"63":{"start":{"line":32,"column":13},"end":{"line":32,"column":29}},"64":{"start":{"line":32,"column":13},"end":{"line":312,"column":null}}},"fnMap":{"0":{"name":"(anonymous_2)","decl":{"start":{"line":33,"column":2},"end":{"line":33,"column":null}},"loc":{"start":{"line":35,"column":65},"end":{"line":36,"column":6}}},"1":{"name":"(anonymous_3)","decl":{"start":{"line":38,"column":2},"end":{"line":38,"column":7}},"loc":{"start":{"line":39,"column":31},"end":{"line":95,"column":3}}},"2":{"name":"(anonymous_4)","decl":{"start":{"line":72,"column":24},"end":{"line":72,"column":25}},"loc":{"start":{"line":72,"column":40},"end":{"line":75,"column":8}}},"3":{"name":"(anonymous_5)","decl":{"start":{"line":84,"column":10},"end":{"line":84,"column":11}},"loc":{"start":{"line":84,"column":28},"end":{"line":84,"column":45}}},"4":{"name":"(anonymous_6)","decl":{"start":{"line":88,"column":38},"end":{"line":88,"column":39}},"loc":{"start":{"line":88,"column":52},"end":{"line":92,"column":10}}},"5":{"name":"(anonymous_7)","decl":{"start":{"line":97,"column":2},"end":{"line":97,"column":7}},"loc":{"start":{"line":97,"column":65},"end":{"line":126,"column":3}}},"6":{"name":"(anonymous_8)","decl":{"start":{"line":105,"column":6},"end":{"line":105,"column":7}},"loc":{"start":{"line":105,"column":38},"end":{"line":111,"column":7}}},"7":{"name":"(anonymous_9)","decl":{"start":{"line":128,"column":2},"end":{"line":128,"column":7}},"loc":{"start":{"line":128,"column":45},"end":{"line":137,"column":3}}},"8":{"name":"(anonymous_10)","decl":{"start":{"line":139,"column":2},"end":{"line":139,"column":7}},"loc":{"start":{"line":139,"column":57},"end":{"line":147,"column":3}}},"9":{"name":"(anonymous_11)","decl":{"start":{"line":149,"column":2},"end":{"line":149,"column":7}},"loc":{"start":{"line":149,"column":20},"end":{"line":151,"column":3}}},"10":{"name":"(anonymous_12)","decl":{"start":{"line":153,"column":2},"end":{"line":153,"column":7}},"loc":{"start":{"line":153,"column":37},"end":{"line":207,"column":3}}},"11":{"name":"(anonymous_13)","decl":{"start":{"line":196,"column":25},"end":{"line":196,"column":26}},"loc":{"start":{"line":196,"column":37},"end":{"line":205,"column":8}}},"12":{"name":"(anonymous_14)","decl":{"start":{"line":198,"column":37},"end":{"line":198,"column":38}},"loc":{"start":{"line":198,"column":51},"end":{"line":202,"column":10}}},"13":{"name":"(anonymous_15)","decl":{"start":{"line":209,"column":2},"end":{"line":209,"column":7}},"loc":{"start":{"line":209,"column":45},"end":{"line":219,"column":3}}},"14":{"name":"(anonymous_16)","decl":{"start":{"line":221,"column":2},"end":{"line":221,"column":7}},"loc":{"start":{"line":221,"column":40},"end":{"line":230,"column":3}}},"15":{"name":"(anonymous_17)","decl":{"start":{"line":232,"column":2},"end":{"line":232,"column":7}},"loc":{"start":{"line":235,"column":23},"end":{"line":291,"column":3}}},"16":{"name":"(anonymous_18)","decl":{"start":{"line":252,"column":29},"end":{"line":252,"column":30}},"loc":{"start":{"line":252,"column":45},"end":{"line":255,"column":10}}},"17":{"name":"(anonymous_19)","decl":{"start":{"line":280,"column":10},"end":{"line":280,"column":11}},"loc":{"start":{"line":280,"column":28},"end":{"line":280,"column":45}}},"18":{"name":"(anonymous_20)","decl":{"start":{"line":284,"column":38},"end":{"line":284,"column":39}},"loc":{"start":{"line":284,"column":52},"end":{"line":288,"column":10}}},"19":{"name":"(anonymous_21)","decl":{"start":{"line":293,"column":2},"end":{"line":293,"column":7}},"loc":{"start":{"line":295,"column":23},"end":{"line":311,"column":3}}}},"branchMap":{"0":{"loc":{"start":{"line":53,"column":4},"end":{"line":57,"column":null}},"type":"if","locations":[{"start":{"line":53,"column":4},"end":{"line":57,"column":null}}]},"1":{"loc":{"start":{"line":68,"column":26},"end":{"line":68,"column":60}},"type":"binary-expr","locations":[{"start":{"line":68,"column":26},"end":{"line":68,"column":37}},{"start":{"line":68,"column":41},"end":{"line":68,"column":60}}]},"2":{"loc":{"start":{"line":87,"column":22},"end":{"line":87,"column":64}},"type":"binary-expr","locations":[{"start":{"line":87,"column":22},"end":{"line":87,"column":56}},{"start":{"line":87,"column":60},"end":{"line":87,"column":64}}]},"3":{"loc":{"start":{"line":98,"column":4},"end":{"line":100,"column":null}},"type":"if","locations":[{"start":{"line":98,"column":4},"end":{"line":100,"column":null}}]},"4":{"loc":{"start":{"line":156,"column":4},"end":{"line":159,"column":null}},"type":"if","locations":[{"start":{"line":156,"column":4},"end":{"line":159,"column":null}}]},"5":{"loc":{"start":{"line":156,"column":8},"end":{"line":156,"column":35}},"type":"binary-expr","locations":[{"start":{"line":156,"column":8},"end":{"line":156,"column":16}},{"start":{"line":156,"column":20},"end":{"line":156,"column":35}}]},"6":{"loc":{"start":{"line":213,"column":4},"end":{"line":215,"column":null}},"type":"if","locations":[{"start":{"line":213,"column":4},"end":{"line":215,"column":null}}]},"7":{"loc":{"start":{"line":236,"column":4},"end":{"line":238,"column":null}},"type":"if","locations":[{"start":{"line":236,"column":4},"end":{"line":238,"column":null}}]},"8":{"loc":{"start":{"line":241,"column":4},"end":{"line":243,"column":null}},"type":"if","locations":[{"start":{"line":241,"column":4},"end":{"line":243,"column":null}}]},"9":{"loc":{"start":{"line":246,"column":4},"end":{"line":259,"column":null}},"type":"if","locations":[{"start":{"line":246,"column":4},"end":{"line":259,"column":null}},{"start":{"line":257,"column":11},"end":{"line":259,"column":null}}]},"10":{"loc":{"start":{"line":261,"column":4},"end":{"line":272,"column":null}},"type":"if","locations":[{"start":{"line":261,"column":4},"end":{"line":272,"column":null}}]},"11":{"loc":{"start":{"line":283,"column":22},"end":{"line":283,"column":64}},"type":"binary-expr","locations":[{"start":{"line":283,"column":22},"end":{"line":283,"column":56}},{"start":{"line":283,"column":60},"end":{"line":283,"column":64}}]},"12":{"loc":{"start":{"line":304,"column":4},"end":{"line":306,"column":null}},"type":"if","locations":[{"start":{"line":304,"column":4},"end":{"line":306,"column":null}}]}},"s":{"0":1,"1":1,"2":1,"3":1,"4":1,"5":6,"6":6,"7":1,"8":1,"9":1,"10":0,"11":0,"12":0,"13":0,"14":0,"15":0,"16":0,"17":0,"18":0,"19":0,"20":0,"21":0,"22":0,"23":0,"24":1,"25":0,"26":1,"27":2,"28":2,"29":2,"30":1,"31":1,"32":2,"33":2,"34":5,"35":9,"36":1,"37":1,"38":0,"39":1,"40":1,"41":1,"42":1,"43":0,"44":1,"45":1,"46":0,"47":1,"48":1,"49":0,"50":0,"51":0,"52":0,"53":1,"54":1,"55":1,"56":1,"57":1,"58":1,"59":1,"60":1,"61":1,"62":0,"63":1,"64":1},"f":{"0":6,"1":1,"2":0,"3":0,"4":0,"5":0,"6":0,"7":1,"8":0,"9":1,"10":2,"11":5,"12":9,"13":1,"14":1,"15":1,"16":0,"17":1,"18":1,"19":1},"b":{"0":[1],"1":[0,0],"2":[0,0],"3":[0],"4":[1],"5":[2,1],"6":[0],"7":[0],"8":[0],"9":[0,1],"10":[1],"11":[1,0],"12":[1]}}
,"/Users/temp/Downloads/backend-interview/src/modules/win-service/win-service.module.ts": {"path":"/Users/temp/Downloads/backend-interview/src/modules/win-service/win-service.module.ts","statementMap":{"0":{"start":{"line":1,"column":0},"end":{"line":1,"column":40}},"1":{"start":{"line":2,"column":0},"end":{"line":2,"column":80}},"2":{"start":{"line":3,"column":0},"end":{"line":3,"column":76}},"3":{"start":{"line":4,"column":0},"end":{"line":4,"column":76}},"4":{"start":{"line":12,"column":7},"end":{"line":12,"column":null}},"5":{"start":{"line":12,"column":13},"end":{"line":12,"column":29}},"6":{"start":{"line":12,"column":13},"end":{"line":12,"column":null}}},"fnMap":{},"branchMap":{},"s":{"0":1,"1":1,"2":1,"3":1,"4":1,"5":1,"6":1},"f":{},"b":{}}
,"/Users/temp/Downloads/backend-interview/src/modules/win-service/controllers/win-service.controller.ts": {"path":"/Users/temp/Downloads/backend-interview/src/modules/win-service/controllers/win-service.controller.ts","statementMap":{"0":{"start":{"line":1,"column":0},"end":{"line":1,"column":56}},"1":{"start":{"line":2,"column":0},"end":{"line":2,"column":77}},"2":{"start":{"line":3,"column":0},"end":{"line":3,"column":70}},"3":{"start":{"line":6,"column":7},"end":{"line":13,"column":null}},"4":{"start":{"line":7,"column":31},"end":{"line":7,"column":54}},"5":{"start":{"line":11,"column":4},"end":{"line":11,"column":72}},"6":{"start":{"line":6,"column":13},"end":{"line":6,"column":33}},"7":{"start":{"line":10,"column":2},"end":{"line":12,"column":null}},"8":{"start":{"line":6,"column":13},"end":{"line":13,"column":null}}},"fnMap":{"0":{"name":"(anonymous_4)","decl":{"start":{"line":7,"column":2},"end":{"line":7,"column":31}},"loc":{"start":{"line":7,"column":75},"end":{"line":7,"column":79}}},"1":{"name":"(anonymous_5)","decl":{"start":{"line":10,"column":2},"end":{"line":10,"column":19}},"loc":{"start":{"line":10,"column":61},"end":{"line":12,"column":3}}}},"branchMap":{},"s":{"0":1,"1":1,"2":1,"3":1,"4":6,"5":0,"6":1,"7":1,"8":1},"f":{"0":6,"1":0},"b":{}}
,"/Users/temp/Downloads/backend-interview/src/modules/win-service/dtos/get-win-service.dto.ts": {"path":"/Users/temp/Downloads/backend-interview/src/modules/win-service/dtos/get-win-service.dto.ts","statementMap":{"0":{"start":{"line":1,"column":0},"end":{"line":1,"column":55}},"1":{"start":{"line":3,"column":0},"end":{"line":3,"column":13}},"2":{"start":{"line":6,"column":2},"end":{"line":6,"column":null}}},"fnMap":{},"branchMap":{},"s":{"0":1,"1":1,"2":1},"f":{},"b":{}}
,"/Users/temp/Downloads/backend-interview/src/modules/win-service/services/win-service-data.service.ts": {"path":"/Users/temp/Downloads/backend-interview/src/modules/win-service/services/win-service-data.service.ts","statementMap":{"0":{"start":{"line":1,"column":0},"end":{"line":1,"column":65}},"1":{"start":{"line":6,"column":0},"end":{"line":6,"column":85}},"2":{"start":{"line":10,"column":7},"end":{"line":64,"column":null}},"3":{"start":{"line":11,"column":31},"end":{"line":11,"column":48}},"4":{"start":{"line":16,"column":22},"end":{"line":16,"column":24}},"5":{"start":{"line":17,"column":34},"end":{"line":17,"column":36}},"6":{"start":{"line":19,"column":4},"end":{"line":22,"column":null}},"7":{"start":{"line":20,"column":6},"end":{"line":20,"column":66}},"8":{"start":{"line":21,"column":6},"end":{"line":21,"column":37}},"9":{"start":{"line":24,"column":21},"end":{"line":30,"column":null}},"10":{"start":{"line":33,"column":4},"end":{"line":35,"column":6}},"11":{"start":{"line":39,"column":28},"end":{"line":45,"column":null}},"12":{"start":{"line":48,"column":32},"end":{"line":49,"column":null}},"13":{"start":{"line":49,"column":39},"end":{"line":49,"column":49}},"14":{"start":{"line":52,"column":33},"end":{"line":53,"column":null}},"15":{"start":{"line":53,"column":14},"end":{"line":53,"column":42}},"16":{"start":{"line":56,"column":4},"end":{"line":60,"column":null}},"17":{"start":{"line":57,"column":6},"end":{"line":59,"column":8}},"18":{"start":{"line":62,"column":4},"end":{"line":62,"column":27}},"19":{"start":{"line":10,"column":13},"end":{"line":10,"column":34}},"20":{"start":{"line":10,"column":13},"end":{"line":64,"column":null}}},"fnMap":{"0":{"name":"(anonymous_2)","decl":{"start":{"line":11,"column":2},"end":{"line":11,"column":31}},"loc":{"start":{"line":11,"column":63},"end":{"line":11,"column":67}}},"1":{"name":"(anonymous_3)","decl":{"start":{"line":13,"column":2},"end":{"line":13,"column":7}},"loc":{"start":{"line":14,"column":34},"end":{"line":36,"column":3}}},"2":{"name":"(anonymous_4)","decl":{"start":{"line":38,"column":2},"end":{"line":38,"column":7}},"loc":{"start":{"line":38,"column":49},"end":{"line":63,"column":3}}},"3":{"name":"(anonymous_5)","decl":{"start":{"line":49,"column":26},"end":{"line":49,"column":27}},"loc":{"start":{"line":49,"column":39},"end":{"line":49,"column":49}}},"4":{"name":"(anonymous_6)","decl":{"start":{"line":53,"column":6},"end":{"line":53,"column":7}},"loc":{"start":{"line":53,"column":14},"end":{"line":53,"column":42}}}},"branchMap":{"0":{"loc":{"start":{"line":19,"column":4},"end":{"line":22,"column":null}},"type":"if","locations":[{"start":{"line":19,"column":4},"end":{"line":22,"column":null}}]},"1":{"loc":{"start":{"line":56,"column":4},"end":{"line":60,"column":null}},"type":"if","locations":[{"start":{"line":56,"column":4},"end":{"line":60,"column":null}}]}},"s":{"0":1,"1":1,"2":1,"3":6,"4":0,"5":0,"6":0,"7":0,"8":0,"9":0,"10":0,"11":0,"12":0,"13":0,"14":0,"15":0,"16":0,"17":0,"18":0,"19":1,"20":1},"f":{"0":6,"1":0,"2":0,"3":0,"4":0},"b":{"0":[0],"1":[0]}}
,"/Users/temp/Downloads/backend-interview/src/shared/config/app-config.module.ts": {"path":"/Users/temp/Downloads/backend-interview/src/shared/config/app-config.module.ts","statementMap":{"0":{"start":{"line":1,"column":0},"end":{"line":1,"column":40}},"1":{"start":{"line":2,"column":0},"end":{"line":2,"column":46}},"2":{"start":{"line":3,"column":0},"end":{"line":3,"column":56}},"3":{"start":{"line":10,"column":7},"end":{"line":10,"column":null}},"4":{"start":{"line":10,"column":13},"end":{"line":10,"column":28}},"5":{"start":{"line":10,"column":13},"end":{"line":10,"column":null}}},"fnMap":{},"branchMap":{},"s":{"0":1,"1":1,"2":1,"3":1,"4":1,"5":1},"f":{},"b":{}}
,"/Users/temp/Downloads/backend-interview/src/shared/config/app-config.service.ts": {"path":"/Users/temp/Downloads/backend-interview/src/shared/config/app-config.service.ts","statementMap":{"0":{"start":{"line":1,"column":0},"end":{"line":1,"column":44}},"1":{"start":{"line":2,"column":0},"end":{"line":2,"column":47}},"2":{"start":{"line":6,"column":7},"end":{"line":24,"column":null}},"3":{"start":{"line":7,"column":31},"end":{"line":7,"column":46}},"4":{"start":{"line":9,"column":21},"end":{"line":9,"column":65}},"5":{"start":{"line":9,"column":38},"end":{"line":9,"column":65}},"6":{"start":{"line":12,"column":4},"end":{"line":12,"column":49}},"7":{"start":{"line":16,"column":4},"end":{"line":22,"column":6}},"8":{"start":{"line":6,"column":13},"end":{"line":6,"column":29}},"9":{"start":{"line":6,"column":13},"end":{"line":24,"column":null}}},"fnMap":{"0":{"name":"(anonymous_2)","decl":{"start":{"line":7,"column":2},"end":{"line":7,"column":31}},"loc":{"start":{"line":7,"column":59},"end":{"line":7,"column":63}}},"1":{"name":"(anonymous_3)","decl":{"start":{"line":9,"column":21},"end":{"line":9,"column":22}},"loc":{"start":{"line":9,"column":38},"end":{"line":9,"column":65}}},"2":{"name":"(anonymous_4)","decl":{"start":{"line":11,"column":2},"end":{"line":11,"column":6}},"loc":{"start":{"line":11,"column":10},"end":{"line":13,"column":3}}},"3":{"name":"(anonymous_5)","decl":{"start":{"line":15,"column":2},"end":{"line":15,"column":6}},"loc":{"start":{"line":15,"column":20},"end":{"line":23,"column":3}}}},"branchMap":{"0":{"loc":{"start":{"line":12,"column":11},"end":{"line":12,"column":48}},"type":"binary-expr","locations":[{"start":{"line":12,"column":11},"end":{"line":12,"column":40}},{"start":{"line":12,"column":44},"end":{"line":12,"column":48}}]}},"s":{"0":1,"1":1,"2":1,"3":6,"4":6,"5":30,"6":0,"7":6,"8":1,"9":1},"f":{"0":6,"1":30,"2":0,"3":6},"b":{"0":[0,0]}}
,"/Users/temp/Downloads/backend-interview/src/shared/constants/test.ts": {"path":"/Users/temp/Downloads/backend-interview/src/shared/constants/test.ts","statementMap":{"0":{"start":{"line":1,"column":13},"end":{"line":1,"column":80}}},"fnMap":{},"branchMap":{},"s":{"0":1},"f":{},"b":{}}
,"/Users/temp/Downloads/backend-interview/src/shared/database/postgres/postgres.module.ts": {"path":"/Users/temp/Downloads/backend-interview/src/shared/database/postgres/postgres.module.ts","statementMap":{"0":{"start":{"line":1,"column":0},"end":{"line":1,"column":40}},"1":{"start":{"line":2,"column":0},"end":{"line":2,"column":26}},"2":{"start":{"line":3,"column":0},"end":{"line":3,"column":67}},"3":{"start":{"line":4,"column":0},"end":{"line":4,"column":65}},"4":{"start":{"line":5,"column":0},"end":{"line":5,"column":53}},"5":{"start":{"line":22,"column":7},"end":{"line":22,"column":null}},"6":{"start":{"line":22,"column":13},"end":{"line":22,"column":27}},"7":{"start":{"line":22,"column":13},"end":{"line":22,"column":null}},"8":{"start":{"line":14,"column":8},"end":{"line":16,"column":10}}},"fnMap":{"0":{"name":"(anonymous_1)","decl":{"start":{"line":13,"column":18},"end":{"line":13,"column":19}},"loc":{"start":{"line":14,"column":8},"end":{"line":16,"column":10}}}},"branchMap":{},"s":{"0":1,"1":1,"2":1,"3":1,"4":1,"5":1,"6":1,"7":1,"8":6},"f":{"0":6},"b":{}}
,"/Users/temp/Downloads/backend-interview/src/shared/database/postgres/postgres.service.ts": {"path":"/Users/temp/Downloads/backend-interview/src/shared/database/postgres/postgres.service.ts","statementMap":{"0":{"start":{"line":1,"column":0},"end":{"line":1,"column":52}},"1":{"start":{"line":2,"column":0},"end":{"line":2,"column":42}},"2":{"start":{"line":5,"column":7},"end":{"line":31,"column":null}},"3":{"start":{"line":6,"column":56},"end":{"line":6,"column":62}},"4":{"start":{"line":12,"column":4},"end":{"line":14,"column":41}},"5":{"start":{"line":14,"column":26},"end":{"line":14,"column":39}},"6":{"start":{"line":21,"column":4},"end":{"line":25,"column":9}},"7":{"start":{"line":24,"column":8},"end":{"line":24,"column":35}},"8":{"start":{"line":29,"column":4},"end":{"line":29,"column":21}},"9":{"start":{"line":5,"column":13},"end":{"line":5,"column":28}},"10":{"start":{"line":5,"column":13},"end":{"line":31,"column":null}}},"fnMap":{"0":{"name":"(anonymous_4)","decl":{"start":{"line":6,"column":2},"end":{"line":6,"column":15}},"loc":{"start":{"line":6,"column":66},"end":{"line":6,"column":70}}},"1":{"name":"(anonymous_5)","decl":{"start":{"line":8,"column":2},"end":{"line":8,"column":7}},"loc":{"start":{"line":11,"column":42},"end":{"line":15,"column":3}}},"2":{"name":"(anonymous_6)","decl":{"start":{"line":14,"column":12},"end":{"line":14,"column":13}},"loc":{"start":{"line":14,"column":26},"end":{"line":14,"column":39}}},"3":{"name":"(anonymous_7)","decl":{"start":{"line":17,"column":2},"end":{"line":17,"column":7}},"loc":{"start":{"line":20,"column":42},"end":{"line":26,"column":3}}},"4":{"name":"(anonymous_8)","decl":{"start":{"line":23,"column":12},"end":{"line":23,"column":13}},"loc":{"start":{"line":23,"column":25},"end":{"line":25,"column":7}}},"5":{"name":"(anonymous_9)","decl":{"start":{"line":28,"column":2},"end":{"line":28,"column":7}},"loc":{"start":{"line":28,"column":15},"end":{"line":30,"column":3}}}},"branchMap":{},"s":{"0":1,"1":1,"2":1,"3":6,"4":6,"5":6,"6":1,"7":1,"8":0,"9":1,"10":1},"f":{"0":6,"1":6,"2":6,"3":1,"4":1,"5":0},"b":{}}
,"/Users/temp/Downloads/backend-interview/src/shared/database/postgres/models/order.model.ts": {"path":"/Users/temp/Downloads/backend-interview/src/shared/database/postgres/models/order.model.ts","statementMap":{"0":{"start":{"line":2,"column":0},"end":{"line":2,"column":61}},"1":{"start":{"line":4,"column":0},"end":{"line":4,"column":null}},"2":{"start":{"line":5,"column":2},"end":{"line":5,"column":null}},"3":{"start":{"line":6,"column":2},"end":{"line":6,"column":null}},"4":{"start":{"line":7,"column":2},"end":{"line":7,"column":null}},"5":{"start":{"line":15,"column":31},"end":{"line":15,"column":72}},"6":{"start":{"line":15,"column":37},"end":{"line":15,"column":72}},"7":{"start":{"line":15,"column":13},"end":{"line":15,"column":31}}},"fnMap":{"0":{"name":"(anonymous_0)","decl":{"start":{"line":4,"column":0},"end":{"line":4,"column":12}},"loc":{"start":{"line":4,"column":23},"end":{"line":8,"column":1}}},"1":{"name":"(anonymous_1)","decl":{"start":{"line":15,"column":31},"end":{"line":15,"column":34}},"loc":{"start":{"line":15,"column":37},"end":{"line":15,"column":72}}}},"branchMap":{"0":{"loc":{"start":{"line":4,"column":12},"end":{"line":4,"column":null}},"type":"binary-expr","locations":[{"start":{"line":4,"column":12},"end":{"line":4,"column":23}},{"start":{"line":4,"column":23},"end":{"line":4,"column":null}}]}},"s":{"0":1,"1":1,"2":1,"3":1,"4":1,"5":1,"6":0,"7":1},"f":{"0":1,"1":0},"b":{"0":[1,1]}}
,"/Users/temp/Downloads/backend-interview/src/shared/database/postgres/models/service.model.ts": {"path":"/Users/temp/Downloads/backend-interview/src/shared/database/postgres/models/service.model.ts","statementMap":{"0":{"start":{"line":2,"column":0},"end":{"line":2,"column":61}},"1":{"start":{"line":12,"column":33},"end":{"line":12,"column":76}},"2":{"start":{"line":12,"column":39},"end":{"line":12,"column":76}},"3":{"start":{"line":12,"column":13},"end":{"line":12,"column":33}}},"fnMap":{"0":{"name":"(anonymous_0)","decl":{"start":{"line":12,"column":33},"end":{"line":12,"column":36}},"loc":{"start":{"line":12,"column":39},"end":{"line":12,"column":76}}}},"branchMap":{},"s":{"0":0,"1":0,"2":0,"3":0},"f":{"0":0},"b":{}}
,"/Users/temp/Downloads/backend-interview/src/shared/utils/random.ts": {"path":"/Users/temp/Downloads/backend-interview/src/shared/utils/random.ts","statementMap":{"0":{"start":{"line":1,"column":0},"end":{"line":1,"column":42}},"1":{"start":{"line":4,"column":2},"end":{"line":4,"column":49}},"2":{"start":{"line":3,"column":0},"end":{"line":3,"column":16}}},"fnMap":{"0":{"name":"generateRandomString","decl":{"start":{"line":3,"column":16},"end":{"line":3,"column":36}},"loc":{"start":{"line":3,"column":51},"end":{"line":5,"column":1}}}},"branchMap":{},"s":{"0":1,"1":0,"2":1},"f":{"0":0},"b":{}}
}
