TN:
SF:src/app.module.ts
FNF:0
FNH:0
DA:1,0
DA:2,0
DA:3,0
DA:4,0
DA:9,0
LF:5
LH:0
BRF:0
BRH:0
end_of_record
TN:
SF:src/main.ts
FN:6,bootstrap
FN:17,(anonymous_1)
FNF:2
FNH:0
FNDA:0,bootstrap
FNDA:0,(anonymous_1)
DA:1,0
DA:2,0
DA:3,0
DA:4,0
DA:7,0
DA:8,0
DA:10,0
DA:16,0
DA:17,0
DA:19,0
DA:22,0
LF:11
LH:0
BRF:0
BRH:0
end_of_record
TN:
SF:src/modules/order/order.module.ts
FNF:0
FNH:0
DA:1,0
DA:2,0
DA:3,0
DA:4,0
DA:5,0
DA:12,0
LF:6
LH:0
BRF:0
BRH:0
end_of_record
TN:
SF:src/modules/order/controllers/order.controller.ts
FN:21,(anonymous_4)
FN:24,(anonymous_5)
FN:29,(anonymous_6)
FN:34,(anonymous_7)
FN:39,(anonymous_8)
FN:50,(anonymous_9)
FNF:6
FNH:6
FNDA:6,(anonymous_4)
FNDA:1,(anonymous_5)
FNDA:1,(anonymous_6)
FNDA:1,(anonymous_7)
FNDA:1,(anonymous_8)
FNDA:1,(anonymous_9)
DA:1,1
DA:10,1
DA:11,1
DA:12,1
DA:16,1
DA:17,1
DA:20,1
DA:21,6
DA:24,1
DA:25,1
DA:29,1
DA:30,1
DA:34,1
DA:35,1
DA:39,1
DA:43,1
DA:50,1
DA:51,1
LF:18
LH:18
BRF:0
BRH:0
end_of_record
TN:
SF:src/modules/order/dtos/create-new-order.dto.ts
FNF:0
FNH:0
DA:1,1
DA:2,1
DA:4,1
DA:9,1
DA:12,1
DA:15,1
LF:6
LH:6
BRF:0
BRH:0
end_of_record
TN:
SF:src/modules/order/dtos/delete-order.dto.ts
FNF:0
FNH:0
DA:1,1
DA:3,1
LF:2
LH:2
BRF:0
BRH:0
end_of_record
TN:
SF:src/modules/order/dtos/get-order.dto.ts
FNF:0
FNH:0
DA:1,1
DA:3,1
LF:2
LH:2
BRF:0
BRH:0
end_of_record
TN:
SF:src/modules/order/dtos/update-order.dto.ts
FNF:0
FNH:0
DA:1,1
DA:7,1
DA:9,1
DA:12,1
DA:15,1
DA:19,1
LF:6
LH:6
BRF:0
BRH:0
end_of_record
TN:
SF:src/modules/order/services/order-data.service.ts
FN:33,(anonymous_2)
FN:38,(anonymous_3)
FN:72,(anonymous_4)
FN:84,(anonymous_5)
FN:88,(anonymous_6)
FN:97,(anonymous_7)
FN:105,(anonymous_8)
FN:128,(anonymous_9)
FN:139,(anonymous_10)
FN:149,(anonymous_11)
FN:153,(anonymous_12)
FN:196,(anonymous_13)
FN:198,(anonymous_14)
FN:209,(anonymous_15)
FN:221,(anonymous_16)
FN:232,(anonymous_17)
FN:252,(anonymous_18)
FN:280,(anonymous_19)
FN:284,(anonymous_20)
FN:293,(anonymous_21)
FNF:20
FNH:13
FNDA:6,(anonymous_2)
FNDA:1,(anonymous_3)
FNDA:0,(anonymous_4)
FNDA:0,(anonymous_5)
FNDA:0,(anonymous_6)
FNDA:0,(anonymous_7)
FNDA:0,(anonymous_8)
FNDA:1,(anonymous_9)
FNDA:0,(anonymous_10)
FNDA:1,(anonymous_11)
FNDA:2,(anonymous_12)
FNDA:5,(anonymous_13)
FNDA:9,(anonymous_14)
FNDA:1,(anonymous_15)
FNDA:1,(anonymous_16)
FNDA:1,(anonymous_17)
FNDA:0,(anonymous_18)
FNDA:1,(anonymous_19)
FNDA:1,(anonymous_20)
FNDA:1,(anonymous_21)
DA:1,1
DA:7,1
DA:12,1
DA:17,1
DA:32,1
DA:34,6
DA:35,6
DA:41,1
DA:53,1
DA:54,1
DA:60,0
DA:62,0
DA:71,0
DA:72,0
DA:78,0
DA:84,0
DA:88,0
DA:98,0
DA:99,0
DA:101,0
DA:106,0
DA:109,0
DA:110,0
DA:117,0
DA:129,1
DA:140,0
DA:150,1
DA:154,2
DA:155,2
DA:156,2
DA:157,1
DA:158,1
DA:161,2
DA:195,2
DA:196,5
DA:198,9
DA:212,1
DA:213,1
DA:214,0
DA:216,1
DA:222,1
DA:229,1
DA:236,1
DA:237,0
DA:240,1
DA:241,1
DA:242,0
DA:245,1
DA:246,1
DA:247,0
DA:250,0
DA:251,0
DA:252,0
DA:258,1
DA:261,1
DA:262,1
DA:274,1
DA:280,1
DA:284,1
DA:296,1
DA:304,1
DA:305,1
DA:308,0
LF:63
LH:40
BRDA:53,0,0,1
BRDA:68,1,0,0
BRDA:68,1,1,0
BRDA:87,2,0,0
BRDA:87,2,1,0
BRDA:98,3,0,0
BRDA:156,4,0,1
BRDA:156,5,0,2
BRDA:156,5,1,1
BRDA:213,6,0,0
BRDA:236,7,0,0
BRDA:241,8,0,0
BRDA:246,9,0,0
BRDA:246,9,1,1
BRDA:261,10,0,1
BRDA:283,11,0,1
BRDA:283,11,1,0
BRDA:304,12,0,1
BRF:18
BRH:8
end_of_record
TN:
SF:src/modules/win-service/win-service.module.ts
FNF:0
FNH:0
DA:1,1
DA:2,1
DA:3,1
DA:4,1
DA:12,1
LF:5
LH:5
BRF:0
BRH:0
end_of_record
TN:
SF:src/modules/win-service/controllers/win-service.controller.ts
FN:7,(anonymous_4)
FN:10,(anonymous_5)
FNF:2
FNH:1
FNDA:6,(anonymous_4)
FNDA:0,(anonymous_5)
DA:1,1
DA:2,1
DA:3,1
DA:6,1
DA:7,6
DA:10,1
DA:11,0
LF:7
LH:6
BRF:0
BRH:0
end_of_record
TN:
SF:src/modules/win-service/dtos/get-win-service.dto.ts
FNF:0
FNH:0
DA:1,1
DA:3,1
DA:6,1
LF:3
LH:3
BRF:0
BRH:0
end_of_record
TN:
SF:src/modules/win-service/services/win-service-data.service.ts
FN:11,(anonymous_2)
FN:13,(anonymous_3)
FN:38,(anonymous_4)
FN:49,(anonymous_5)
FN:53,(anonymous_6)
FNF:5
FNH:1
FNDA:6,(anonymous_2)
FNDA:0,(anonymous_3)
FNDA:0,(anonymous_4)
FNDA:0,(anonymous_5)
FNDA:0,(anonymous_6)
DA:1,1
DA:6,1
DA:10,1
DA:11,6
DA:16,0
DA:17,0
DA:19,0
DA:20,0
DA:21,0
DA:24,0
DA:33,0
DA:39,0
DA:48,0
DA:49,0
DA:52,0
DA:53,0
DA:56,0
DA:57,0
DA:62,0
LF:19
LH:4
BRDA:19,0,0,0
BRDA:56,1,0,0
BRF:2
BRH:0
end_of_record
TN:
SF:src/shared/config/app-config.module.ts
FNF:0
FNH:0
DA:1,1
DA:2,1
DA:3,1
DA:10,1
LF:4
LH:4
BRF:0
BRH:0
end_of_record
TN:
SF:src/shared/config/app-config.service.ts
FN:7,(anonymous_2)
FN:9,(anonymous_3)
FN:11,(anonymous_4)
FN:15,(anonymous_5)
FNF:4
FNH:3
FNDA:6,(anonymous_2)
FNDA:30,(anonymous_3)
FNDA:0,(anonymous_4)
FNDA:6,(anonymous_5)
DA:1,1
DA:2,1
DA:6,1
DA:7,6
DA:9,30
DA:12,0
DA:16,6
LF:7
LH:6
BRDA:12,0,0,0
BRDA:12,0,1,0
BRF:2
BRH:0
end_of_record
TN:
SF:src/shared/constants/test.ts
FNF:0
FNH:0
DA:1,1
LF:1
LH:1
BRF:0
BRH:0
end_of_record
TN:
SF:src/shared/database/postgres/postgres.module.ts
FN:13,(anonymous_1)
FNF:1
FNH:1
FNDA:6,(anonymous_1)
DA:1,1
DA:2,1
DA:3,1
DA:4,1
DA:5,1
DA:14,6
DA:22,1
LF:7
LH:7
BRF:0
BRH:0
end_of_record
TN:
SF:src/shared/database/postgres/postgres.service.ts
FN:6,(anonymous_4)
FN:8,(anonymous_5)
FN:14,(anonymous_6)
FN:17,(anonymous_7)
FN:23,(anonymous_8)
FN:28,(anonymous_9)
FNF:6
FNH:5
FNDA:6,(anonymous_4)
FNDA:6,(anonymous_5)
FNDA:6,(anonymous_6)
FNDA:1,(anonymous_7)
FNDA:1,(anonymous_8)
FNDA:0,(anonymous_9)
DA:1,1
DA:2,1
DA:5,1
DA:6,6
DA:12,6
DA:14,6
DA:21,1
DA:24,1
DA:29,0
LF:9
LH:8
BRF:0
BRH:0
end_of_record
TN:
SF:src/shared/database/postgres/models/order.model.ts
FN:4,(anonymous_0)
FN:15,(anonymous_1)
FNF:2
FNH:1
FNDA:1,(anonymous_0)
FNDA:0,(anonymous_1)
DA:2,1
DA:4,1
DA:5,1
DA:6,1
DA:7,1
DA:15,1
LF:6
LH:6
BRDA:4,0,0,1
BRDA:4,0,1,1
BRF:2
BRH:2
end_of_record
TN:
SF:src/shared/database/postgres/models/service.model.ts
FN:12,(anonymous_0)
FNF:1
FNH:0
FNDA:0,(anonymous_0)
DA:2,0
DA:12,0
LF:2
LH:0
BRF:0
BRH:0
end_of_record
TN:
SF:src/shared/utils/random.ts
FN:3,generateRandomString
FNF:1
FNH:0
FNDA:0,generateRandomString
DA:1,1
DA:3,1
DA:4,0
LF:3
LH:2
BRF:0
BRH:0
end_of_record
